<?xml version="1.0" encoding="UTF-8"?>
<testng-results ignored="0" total="1" passed="1" failed="0" skipped="0">
  <reporter-output>
  </reporter-output>
  <suite started-at="2024-08-31T23:39:46 SAST" name="Default suite" finished-at="2024-08-31T23:40:47 SAST" duration-ms="61069">
    <groups>
      <group name="cucumber">
        <method signature="AbstractTestNGCucumberTests.runScenario(io.cucumber.testng.PickleWrapper,io.cucumber.testng.FeatureWrapper)[pri:0, instance:runnerPackage.testRunner@428640fa]" name="runScenario" class="io.cucumber.testng.AbstractTestNGCucumberTests"/>
      </group> <!-- cucumber -->
    </groups>
    <test started-at="2024-08-31T23:39:46 SAST" name="Default test" finished-at="2024-08-31T23:40:47 SAST" duration-ms="61069">
      <class name="runnerPackage.testRunner">
        <test-method is-config="true" signature="setUpClass(org.testng.ITestContext)[pri:0, instance:runnerPackage.testRunner@428640fa]" started-at="2024-08-31T23:39:46 SAST" name="setUpClass" finished-at="2024-08-31T23:39:47 SAST" duration-ms="1021" status="PASS">
          <params>
            <param index="0">
              <value>
                <![CDATA[org.testng.TestRunner@3414a8c3]]>
              </value>
            </param>
          </params>
          <reporter-output>
          </reporter-output>
        </test-method> <!-- setUpClass -->
        <test-method signature="runScenario(io.cucumber.testng.PickleWrapper,io.cucumber.testng.FeatureWrapper)[pri:0, instance:runnerPackage.testRunner@428640fa]" started-at="2024-08-31T23:39:47 SAST" name="runScenario" description="Runs Cucumber Scenarios" data-provider="scenarios" finished-at="2024-08-31T23:40:47 SAST" duration-ms="59951" status="PASS">
          <params>
            <param index="0">
              <value>
                <![CDATA["Successfully sending job application to iLab via their website portal"]]>
              </value>
            </param>
            <param index="1">
              <value>
                <![CDATA["Send job Application"]]>
              </value>
            </param>
          </params>
          <reporter-output>
          </reporter-output>
        </test-method> <!-- runScenario -->
        <test-method is-config="true" signature="tearDownClass()[pri:0, instance:runnerPackage.testRunner@428640fa]" started-at="2024-08-31T23:40:47 SAST" name="tearDownClass" finished-at="2024-08-31T23:40:47 SAST" duration-ms="52" status="PASS">
          <reporter-output>
          </reporter-output>
        </test-method> <!-- tearDownClass -->
      </class> <!-- runnerPackage.testRunner -->
    </test> <!-- Default test -->
  </suite> <!-- Default suite -->
</testng-results>
